[2023-04-05T14:15:40.347Z] [8368] [info] UI-Launcher version: 19.0.0
[2023-04-05T14:15:40.348Z] [8368] [info] UI-Launcher launched from C:\Users\Deepak\AppData\Local\Temp\odis_download_dest\2452690128091740583\Setup\ui-launcher
[2023-04-05T14:15:40.348Z] [8368] [info] Root path: C:\Users\Deepak\AppData\Local\Temp\odis_download_dest\2452690128091740583\Setup
[2023-04-05T14:18:22.156Z] [19004] [info] UI-Launcher version: 19.0.0
[2023-04-05T14:18:22.157Z] [19004] [info] UI-Launcher launched from C:\Program Files\Autodesk\AdODIS\V1\Setup\ui-launcher
[2023-04-05T14:18:22.157Z] [19004] [info] Root path: C:\Program Files\Autodesk\AdODIS\V1\Setup
[2023-04-05T17:24:59.992Z] [13280] [info] UI-Launcher version: 19.0.0
[2023-04-05T17:24:59.993Z] [13280] [info] UI-Launcher launched from C:\Program Files\Autodesk\AdODIS\V1\Setup\ui-launcher
[2023-04-05T17:24:59.993Z] [13280] [info] Root path: C:\Program Files\Autodesk\AdODIS\V1\Setup
[2023-04-06T03:32:03.741Z] [15796] [info] UI-Launcher version: 19.0.0
[2023-04-06T03:32:03.742Z] [15796] [info] UI-Launcher launched from C:\Program Files\Autodesk\AdODIS\V1\Setup\ui-launcher
[2023-04-06T03:32:03.742Z] [15796] [info] Root path: C:\Program Files\Autodesk\AdODIS\V1\Setup
[2023-04-06T12:52:06.506Z] [2644] [info] UI-Launcher version: 19.0.0
[2023-04-06T12:52:06.507Z] [2644] [info] UI-Launcher launched from C:\Program Files\Autodesk\AdODIS\V1\Setup\ui-launcher
[2023-04-06T12:52:06.507Z] [2644] [info] Root path: C:\Program Files\Autodesk\AdODIS\V1\Setup
[2023-04-07T03:58:32.697Z] [13896] [info] UI-Launcher version: 19.0.0
[2023-04-07T03:58:32.698Z] [13896] [info] UI-Launcher launched from C:\Program Files\Autodesk\AdODIS\V1\Setup\ui-launcher
[2023-04-07T03:58:32.698Z] [13896] [info] Root path: C:\Program Files\Autodesk\AdODIS\V1\Setup
[2023-04-07T11:33:36.223Z] [10640] [info] UI-Launcher version: 19.0.0
[2023-04-07T11:33:36.225Z] [10640] [info] UI-Launcher launched from C:\Program Files\Autodesk\AdODIS\V1\Setup\ui-launcher
[2023-04-07T11:33:36.226Z] [10640] [info] Root path: C:\Program Files\Autodesk\AdODIS\V1\Setup
[2023-04-07T16:44:39.934Z] [16332] [info] UI-Launcher version: 19.0.0
[2023-04-07T16:44:39.935Z] [16332] [info] UI-Launcher launched from C:\Program Files\Autodesk\AdODIS\V1\Setup\ui-launcher
[2023-04-07T16:44:39.935Z] [16332] [info] Root path: C:\Program Files\Autodesk\AdODIS\V1\Setup
[2023-04-08T04:33:21.754Z] [9224] [info] UI-Launcher version: 19.0.0
[2023-04-08T04:33:21.755Z] [9224] [info] UI-Launcher launched from C:\Program Files\Autodesk\AdODIS\V1\Setup\ui-launcher
[2023-04-08T04:33:21.755Z] [9224] [info] Root path: C:\Program Files\Autodesk\AdODIS\V1\Setup
[2023-04-08T15:50:41.999Z] [10532] [info] UI-Launcher version: 19.0.0
[2023-04-08T15:50:42.000Z] [10532] [info] UI-Launcher launched from C:\Program Files\Autodesk\AdODIS\V1\Setup\ui-launcher
[2023-04-08T15:50:42.001Z] [10532] [info] Root path: C:\Program Files\Autodesk\AdODIS\V1\Setup
[2023-04-09T05:01:42.555Z] [18496] [info] UI-Launcher version: 19.0.0
[2023-04-09T05:01:42.557Z] [18496] [info] UI-Launcher launched from C:\Program Files\Autodesk\AdODIS\V1\Setup\ui-launcher
[2023-04-09T05:01:42.557Z] [18496] [info] Root path: C:\Program Files\Autodesk\AdODIS\V1\Setup
[2023-04-09T06:03:05.850Z] [4684] [info] UI-Launcher version: 19.0.0
[2023-04-09T06:03:05.851Z] [4684] [info] UI-Launcher launched from C:\Program Files\Autodesk\AdODIS\V1\Setup\ui-launcher
[2023-04-09T06:03:05.851Z] [4684] [info] Root path: C:\Program Files\Autodesk\AdODIS\V1\Setup
[2023-04-09T09:32:16.464Z] [19520] [info] UI-Launcher version: 19.0.0
[2023-04-09T09:32:16.466Z] [19520] [info] UI-Launcher launched from C:\Program Files\Autodesk\AdODIS\V1\Setup\ui-launcher
[2023-04-09T09:32:16.466Z] [19520] [info] Root path: C:\Program Files\Autodesk\AdODIS\V1\Setup
[2023-04-09T11:11:03.387Z] [23076] [info] UI-Launcher version: 19.0.0
[2023-04-09T11:11:03.387Z] [23076] [info] UI-Launcher launched from C:\Program Files\Autodesk\AdODIS\V1\Setup\ui-launcher
[2023-04-09T11:11:03.388Z] [23076] [info] Root path: C:\Program Files\Autodesk\AdODIS\V1\Setup
[2023-04-09T11:12:50.045Z] [12468] [info] UI-Launcher version: 19.0.0
[2023-04-09T11:12:50.046Z] [12468] [info] UI-Launcher launched from C:\Program Files\Autodesk\AdODIS\V1\Setup\ui-launcher
[2023-04-09T11:12:50.046Z] [12468] [info] Root path: C:\Program Files\Autodesk\AdODIS\V1\Setup
[2023-04-09T11:17:40.291Z] [15792] [info] UI-Launcher version: 19.0.0
[2023-04-09T11:17:40.292Z] [15792] [info] UI-Launcher launched from C:\Program Files\Autodesk\AdODIS\V1\Setup\ui-launcher
[2023-04-09T11:17:40.292Z] [15792] [info] Root path: C:\Program Files\Autodesk\AdODIS\V1\Setup
[2023-04-09T11:22:02.122Z] [14240] [info] UI-Launcher version: 19.0.0
[2023-04-09T11:22:02.123Z] [14240] [info] UI-Launcher launched from C:\Program Files\Autodesk\AdODIS\V1\Setup\ui-launcher
[2023-04-09T11:22:02.123Z] [14240] [info] Root path: C:\Program Files\Autodesk\AdODIS\V1\Setup
[2023-04-09T11:31:24.376Z] [11400] [info] UI-Launcher version: 19.0.0
[2023-04-09T11:31:24.377Z] [11400] [info] UI-Launcher launched from C:\Program Files\Autodesk\AdODIS\V1\Setup\ui-launcher
[2023-04-09T11:31:24.377Z] [11400] [info] Root path: C:\Program Files\Autodesk\AdODIS\V1\Setup
[2023-04-09T14:44:22.265Z] [6672] [info] UI-Launcher version: 19.0.0
[2023-04-09T14:44:22.266Z] [6672] [info] UI-Launcher launched from C:\Program Files\Autodesk\AdODIS\V1\Setup\ui-launcher
[2023-04-09T14:44:22.266Z] [6672] [info] Root path: C:\Program Files\Autodesk\AdODIS\V1\Setup
[2023-04-10T05:24:17.582Z] [1520] [info] UI-Launcher version: 19.0.0
[2023-04-10T05:24:17.583Z] [1520] [info] UI-Launcher launched from C:\Program Files\Autodesk\AdODIS\V1\Setup\ui-launcher
[2023-04-10T05:24:17.583Z] [1520] [info] Root path: C:\Program Files\Autodesk\AdODIS\V1\Setup
[2023-04-11T03:54:50.745Z] [19896] [info] UI-Launcher version: 19.0.0
[2023-04-11T03:54:50.746Z] [19896] [info] UI-Launcher launched from C:\Program Files\Autodesk\AdODIS\V1\Setup\ui-launcher
[2023-04-11T03:54:50.747Z] [19896] [info] Root path: C:\Program Files\Autodesk\AdODIS\V1\Setup
[2023-04-11T15:54:49.420Z] [14632] [info] UI-Launcher version: 19.0.0
[2023-04-11T15:54:49.422Z] [14632] [info] UI-Launcher launched from C:\Program Files\Autodesk\AdODIS\V1\Setup\ui-launcher
[2023-04-11T15:54:49.422Z] [14632] [info] Root path: C:\Program Files\Autodesk\AdODIS\V1\Setup
[2023-04-12T05:15:10.712Z] [19040] [info] UI-Launcher version: 19.0.0
[2023-04-12T05:15:10.714Z] [19040] [info] UI-Launcher launched from C:\Program Files\Autodesk\AdODIS\V1\Setup\ui-launcher
[2023-04-12T05:15:10.714Z] [19040] [info] Root path: C:\Program Files\Autodesk\AdODIS\V1\Setup
[2023-04-13T04:29:29.149Z] [14192] [info] UI-Launcher version: 19.0.0
[2023-04-13T04:29:29.150Z] [14192] [info] UI-Launcher launched from C:\Program Files\Autodesk\AdODIS\V1\Setup\ui-launcher
[2023-04-13T04:29:29.151Z] [14192] [info] Root path: C:\Program Files\Autodesk\AdODIS\V1\Setup
[2023-04-13T13:43:43.771Z] [1508] [info] UI-Launcher version: 19.0.0
[2023-04-13T13:43:43.773Z] [1508] [info] UI-Launcher launched from C:\Program Files\Autodesk\AdODIS\V1\Setup\ui-launcher
[2023-04-13T13:43:43.773Z] [1508] [info] Root path: C:\Program Files\Autodesk\AdODIS\V1\Setup
[2023-04-14T08:46:22.667Z] [18044] [info] UI-Launcher version: 19.0.0
[2023-04-14T08:46:22.668Z] [18044] [info] UI-Launcher launched from C:\Program Files\Autodesk\AdODIS\V1\Setup\ui-launcher
[2023-04-14T08:46:22.668Z] [18044] [info] Root path: C:\Program Files\Autodesk\AdODIS\V1\Setup
[2023-04-14T10:07:45.957Z] [12624] [info] UI-Launcher version: 19.0.0
[2023-04-14T10:07:45.959Z] [12624] [info] UI-Launcher launched from C:\Program Files\Autodesk\AdODIS\V1\Setup\ui-launcher
[2023-04-14T10:07:45.959Z] [12624] [info] Root path: C:\Program Files\Autodesk\AdODIS\V1\Setup
[2023-04-14T15:06:48.273Z] [13456] [info] UI-Launcher version: 19.0.0
[2023-04-14T15:06:48.278Z] [13456] [info] UI-Launcher launched from C:\Program Files\Autodesk\AdODIS\V1\Setup\ui-launcher
[2023-04-14T15:06:48.279Z] [13456] [info] Root path: C:\Program Files\Autodesk\AdODIS\V1\Setup
[2023-04-14T16:04:01.179Z] [17256] [info] UI-Launcher version: 19.0.0
[2023-04-14T16:04:01.179Z] [17256] [info] UI-Launcher launched from C:\Program Files\Autodesk\AdODIS\V1\Setup\ui-launcher
[2023-04-14T16:04:01.180Z] [17256] [info] Root path: C:\Program Files\Autodesk\AdODIS\V1\Setup
[2023-04-14T17:17:49.586Z] [29628] [info] UI-Launcher version: 19.0.0
[2023-04-14T17:17:49.587Z] [29628] [info] UI-Launcher launched from C:\Program Files\Autodesk\AdODIS\V1\Setup\ui-launcher
[2023-04-14T17:17:49.587Z] [29628] [info] Root path: C:\Program Files\Autodesk\AdODIS\V1\Setup
[2023-04-15T09:16:04.840Z] [27636] [info] UI-Launcher version: 19.0.0
[2023-04-15T09:16:04.842Z] [27636] [info] UI-Launcher launched from C:\Program Files\Autodesk\AdODIS\V1\Setup\ui-launcher
[2023-04-15T09:16:04.842Z] [27636] [info] Root path: C:\Program Files\Autodesk\AdODIS\V1\Setup
[2023-04-15T11:12:42.999Z] [17160] [info] UI-Launcher version: 19.0.0
[2023-04-15T11:12:43.000Z] [17160] [info] UI-Launcher launched from C:\Program Files\Autodesk\AdODIS\V1\Setup\ui-launcher
[2023-04-15T11:12:43.000Z] [17160] [info] Root path: C:\Program Files\Autodesk\AdODIS\V1\Setup
[2023-04-15T16:03:10.872Z] [17800] [info] UI-Launcher version: 19.0.0
[2023-04-15T16:03:10.873Z] [17800] [info] UI-Launcher launched from C:\Program Files\Autodesk\AdODIS\V1\Setup\ui-launcher
[2023-04-15T16:03:10.874Z] [17800] [info] Root path: C:\Program Files\Autodesk\AdODIS\V1\Setup
[2023-04-16T08:54:56.401Z] [24252] [info] UI-Launcher version: 19.0.0
[2023-04-16T08:54:56.402Z] [24252] [info] UI-Launcher launched from C:\Program Files\Autodesk\AdODIS\V1\Setup\ui-launcher
[2023-04-16T08:54:56.402Z] [24252] [info] Root path: C:\Program Files\Autodesk\AdODIS\V1\Setup
[2023-04-16T13:59:32.405Z] [25148] [info] UI-Launcher version: 19.0.0
[2023-04-16T13:59:32.406Z] [25148] [info] UI-Launcher launched from C:\Program Files\Autodesk\AdODIS\V1\Setup\ui-launcher
[2023-04-16T13:59:32.407Z] [25148] [info] Root path: C:\Program Files\Autodesk\AdODIS\V1\Setup
[2023-04-16T14:05:08.255Z] [6528] [info] UI-Launcher version: 19.0.0
[2023-04-16T14:05:08.256Z] [6528] [info] UI-Launcher launched from C:\Program Files\Autodesk\AdODIS\V1\Setup\ui-launcher
[2023-04-16T14:05:08.256Z] [6528] [info] Root path: C:\Program Files\Autodesk\AdODIS\V1\Setup
[2023-04-16T14:07:15.891Z] [11872] [info] UI-Launcher version: 19.0.0
[2023-04-16T14:07:15.891Z] [11872] [info] UI-Launcher launched from C:\Program Files\Autodesk\AdODIS\V1\Setup\ui-launcher
[2023-04-16T14:07:15.892Z] [11872] [info] Root path: C:\Program Files\Autodesk\AdODIS\V1\Setup
[2023-04-16T15:00:58.884Z] [19224] [info] UI-Launcher version: 19.0.0
[2023-04-16T15:00:58.885Z] [19224] [info] UI-Launcher launched from C:\Program Files\Autodesk\AdODIS\V1\Setup\ui-launcher
[2023-04-16T15:00:58.885Z] [19224] [info] Root path: C:\Program Files\Autodesk\AdODIS\V1\Setup
[2023-04-16T15:42:35.737Z] [23736] [info] UI-Launcher version: 19.0.0
[2023-04-16T15:42:35.739Z] [23736] [info] UI-Launcher launched from C:\Program Files\Autodesk\AdODIS\V1\Setup\ui-launcher
[2023-04-16T15:42:35.739Z] [23736] [info] Root path: C:\Program Files\Autodesk\AdODIS\V1\Setup
[2023-04-16T16:31:16.224Z] [13896] [info] UI-Launcher version: 19.0.0
[2023-04-16T16:31:16.226Z] [13896] [info] UI-Launcher launched from C:\Program Files\Autodesk\AdODIS\V1\Setup\ui-launcher
[2023-04-16T16:31:16.226Z] [13896] [info] Root path: C:\Program Files\Autodesk\AdODIS\V1\Setup
[2023-04-17T03:35:55.191Z] [17036] [info] UI-Launcher version: 19.0.0
[2023-04-17T03:35:55.192Z] [17036] [info] UI-Launcher launched from C:\Program Files\Autodesk\AdODIS\V1\Setup\ui-launcher
[2023-04-17T03:35:55.192Z] [17036] [info] Root path: C:\Program Files\Autodesk\AdODIS\V1\Setup
[2023-04-17T05:32:33.191Z] [28252] [info] UI-Launcher version: 19.0.0
[2023-04-17T05:32:33.193Z] [28252] [info] UI-Launcher launched from C:\Program Files\Autodesk\AdODIS\V1\Setup\ui-launcher
[2023-04-17T05:32:33.193Z] [28252] [info] Root path: C:\Program Files\Autodesk\AdODIS\V1\Setup
[2023-04-17T09:58:01.504Z] [24220] [info] UI-Launcher version: 19.0.0
[2023-04-17T09:58:01.504Z] [24220] [info] UI-Launcher launched from C:\Program Files\Autodesk\AdODIS\V1\Setup\ui-launcher
[2023-04-17T09:58:01.505Z] [24220] [info] Root path: C:\Program Files\Autodesk\AdODIS\V1\Setup
[2023-04-17T12:07:10.185Z] [15648] [info] UI-Launcher version: 19.0.0
[2023-04-17T12:07:10.186Z] [15648] [info] UI-Launcher launched from C:\Program Files\Autodesk\AdODIS\V1\Setup\ui-launcher
[2023-04-17T12:07:10.187Z] [15648] [info] Root path: C:\Program Files\Autodesk\AdODIS\V1\Setup
[2023-04-17T14:32:01.232Z] [23232] [info] UI-Launcher version: 19.0.0
[2023-04-17T14:32:01.234Z] [23232] [info] UI-Launcher launched from C:\Program Files\Autodesk\AdODIS\V1\Setup\ui-launcher
[2023-04-17T14:32:01.234Z] [23232] [info] Root path: C:\Program Files\Autodesk\AdODIS\V1\Setup
[2023-04-18T04:35:02.220Z] [2956] [info] UI-Launcher version: 19.0.0
[2023-04-18T04:35:02.221Z] [2956] [info] UI-Launcher launched from C:\Program Files\Autodesk\AdODIS\V1\Setup\ui-launcher
[2023-04-18T04:35:02.221Z] [2956] [info] Root path: C:\Program Files\Autodesk\AdODIS\V1\Setup
[2023-04-18T05:50:22.056Z] [2760] [info] UI-Launcher version: 19.0.0
[2023-04-18T05:50:22.058Z] [2760] [info] UI-Launcher launched from C:\Program Files\Autodesk\AdODIS\V1\Setup\ui-launcher
[2023-04-18T05:50:22.058Z] [2760] [info] Root path: C:\Program Files\Autodesk\AdODIS\V1\Setup
[2023-04-19T14:26:59.069Z] [8968] [info] UI-Launcher version: 19.0.0
[2023-04-19T14:26:59.070Z] [8968] [info] UI-Launcher launched from C:\Program Files\Autodesk\AdODIS\V1\Setup\ui-launcher
[2023-04-19T14:26:59.070Z] [8968] [info] Root path: C:\Program Files\Autodesk\AdODIS\V1\Setup
[2023-04-19T17:32:55.818Z] [20404] [info] UI-Launcher version: 19.0.0
[2023-04-19T17:32:55.819Z] [20404] [info] UI-Launcher launched from C:\Program Files\Autodesk\AdODIS\V1\Setup\ui-launcher
[2023-04-19T17:32:55.819Z] [20404] [info] Root path: C:\Program Files\Autodesk\AdODIS\V1\Setup
[2023-04-20T07:53:39.672Z] [29308] [info] UI-Launcher version: 19.0.0
[2023-04-20T07:53:39.673Z] [29308] [info] UI-Launcher launched from C:\Program Files\Autodesk\AdODIS\V1\Setup\ui-launcher
[2023-04-20T07:53:39.673Z] [29308] [info] Root path: C:\Program Files\Autodesk\AdODIS\V1\Setup
[2023-04-21T02:50:12.910Z] [11048] [info] UI-Launcher version: 19.0.0
[2023-04-21T02:50:12.911Z] [11048] [info] UI-Launcher launched from C:\Program Files\Autodesk\AdODIS\V1\Setup\ui-launcher
[2023-04-21T02:50:12.912Z] [11048] [info] Root path: C:\Program Files\Autodesk\AdODIS\V1\Setup
[2023-04-21T18:27:52.949Z] [1388] [info] UI-Launcher version: 19.0.0
[2023-04-21T18:27:52.950Z] [1388] [info] UI-Launcher launched from C:\Program Files\Autodesk\AdODIS\V1\Setup\ui-launcher
[2023-04-21T18:27:52.950Z] [1388] [info] Root path: C:\Program Files\Autodesk\AdODIS\V1\Setup
[2023-04-21T20:47:40.679Z] [10728] [info] UI-Launcher version: 19.0.0
[2023-04-21T20:47:40.681Z] [10728] [info] UI-Launcher launched from C:\Program Files\Autodesk\AdODIS\V1\Setup\ui-launcher
[2023-04-21T20:47:40.681Z] [10728] [info] Root path: C:\Program Files\Autodesk\AdODIS\V1\Setup
[2023-04-22T05:35:38.823Z] [22316] [info] UI-Launcher version: 19.0.0
[2023-04-22T05:35:38.823Z] [22316] [info] UI-Launcher launched from C:\Program Files\Autodesk\AdODIS\V1\Setup\ui-launcher
[2023-04-22T05:35:38.824Z] [22316] [info] Root path: C:\Program Files\Autodesk\AdODIS\V1\Setup
[2023-04-22T10:56:07.560Z] [13668] [info] UI-Launcher version: 19.0.0
[2023-04-22T10:56:07.562Z] [13668] [info] UI-Launcher launched from C:\Program Files\Autodesk\AdODIS\V1\Setup\ui-launcher
[2023-04-22T10:56:07.562Z] [13668] [info] Root path: C:\Program Files\Autodesk\AdODIS\V1\Setup
[2023-04-22T13:52:35.659Z] [11012] [info] UI-Launcher version: 19.0.0
[2023-04-22T13:52:35.660Z] [11012] [info] UI-Launcher launched from C:\Program Files\Autodesk\AdODIS\V1\Setup\ui-launcher
[2023-04-22T13:52:35.660Z] [11012] [info] Root path: C:\Program Files\Autodesk\AdODIS\V1\Setup
[2023-04-22T14:05:23.830Z] [22780] [info] UI-Launcher version: 19.0.0
[2023-04-22T14:05:23.832Z] [22780] [info] UI-Launcher launched from C:\Program Files\Autodesk\AdODIS\V1\Setup\ui-launcher
[2023-04-22T14:05:23.832Z] [22780] [info] Root path: C:\Program Files\Autodesk\AdODIS\V1\Setup
[2023-04-22T15:48:25.240Z] [17212] [info] UI-Launcher version: 19.0.0
[2023-04-22T15:48:25.241Z] [17212] [info] UI-Launcher launched from C:\Program Files\Autodesk\AdODIS\V1\Setup\ui-launcher
[2023-04-22T15:48:25.241Z] [17212] [info] Root path: C:\Program Files\Autodesk\AdODIS\V1\Setup
[2023-04-22T16:13:12.293Z] [23352] [info] UI-Launcher version: 19.0.0
[2023-04-22T16:13:12.294Z] [23352] [info] UI-Launcher launched from C:\Program Files\Autodesk\AdODIS\V1\Setup\ui-launcher
[2023-04-22T16:13:12.295Z] [23352] [info] Root path: C:\Program Files\Autodesk\AdODIS\V1\Setup
[2023-04-22T18:07:13.786Z] [11168] [info] UI-Launcher version: 19.0.0
[2023-04-22T18:07:13.787Z] [11168] [info] UI-Launcher launched from C:\Program Files\Autodesk\AdODIS\V1\Setup\ui-launcher
[2023-04-22T18:07:13.787Z] [11168] [info] Root path: C:\Program Files\Autodesk\AdODIS\V1\Setup
[2023-04-22T18:32:11.724Z] [3856] [info] UI-Launcher version: 19.0.0
[2023-04-22T18:32:11.725Z] [3856] [info] UI-Launcher launched from C:\Program Files\Autodesk\AdODIS\V1\Setup\ui-launcher
[2023-04-22T18:32:11.725Z] [3856] [info] Root path: C:\Program Files\Autodesk\AdODIS\V1\Setup
[2023-04-22T19:16:20.963Z] [17204] [info] UI-Launcher version: 19.0.0
[2023-04-22T19:16:20.964Z] [17204] [info] UI-Launcher launched from C:\Program Files\Autodesk\AdODIS\V1\Setup\ui-launcher
[2023-04-22T19:16:20.964Z] [17204] [info] Root path: C:\Program Files\Autodesk\AdODIS\V1\Setup
[2023-04-23T11:46:37.167Z] [13160] [info] UI-Launcher version: 19.0.0
[2023-04-23T11:46:37.168Z] [13160] [info] UI-Launcher launched from C:\Program Files\Autodesk\AdODIS\V1\Setup\ui-launcher
[2023-04-23T11:46:37.168Z] [13160] [info] Root path: C:\Program Files\Autodesk\AdODIS\V1\Setup
[2023-04-23T14:28:40.055Z] [25120] [info] UI-Launcher version: 19.0.0
[2023-04-23T14:28:40.056Z] [25120] [info] UI-Launcher launched from C:\Program Files\Autodesk\AdODIS\V1\Setup\ui-launcher
[2023-04-23T14:28:40.056Z] [25120] [info] Root path: C:\Program Files\Autodesk\AdODIS\V1\Setup
[2023-04-23T15:02:44.913Z] [31332] [info] UI-Launcher version: 19.0.0
[2023-04-23T15:02:44.914Z] [31332] [info] UI-Launcher launched from C:\Program Files\Autodesk\AdODIS\V1\Setup\ui-launcher
[2023-04-23T15:02:44.914Z] [31332] [info] Root path: C:\Program Files\Autodesk\AdODIS\V1\Setup
[2023-04-24T02:11:36.356Z] [13052] [info] UI-Launcher version: 19.0.0
[2023-04-24T02:11:36.357Z] [13052] [info] UI-Launcher launched from C:\Program Files\Autodesk\AdODIS\V1\Setup\ui-launcher
[2023-04-24T02:11:36.357Z] [13052] [info] Root path: C:\Program Files\Autodesk\AdODIS\V1\Setup
[2023-04-24T06:06:11.153Z] [9604] [info] UI-Launcher version: 19.0.0
[2023-04-24T06:06:11.161Z] [9604] [info] UI-Launcher launched from C:\Program Files\Autodesk\AdODIS\V1\Setup\ui-launcher
[2023-04-24T06:06:11.162Z] [9604] [info] Root path: C:\Program Files\Autodesk\AdODIS\V1\Setup
[2023-04-26T16:07:37.024Z] [20420] [info] UI-Launcher version: 19.0.0
[2023-04-26T16:07:37.025Z] [20420] [info] UI-Launcher launched from C:\Program Files\Autodesk\AdODIS\V1\Setup\ui-launcher
[2023-04-26T16:07:37.025Z] [20420] [info] Root path: C:\Program Files\Autodesk\AdODIS\V1\Setup
[2023-04-27T04:30:20.114Z] [22820] [info] UI-Launcher version: 19.0.0
[2023-04-27T04:30:20.115Z] [22820] [info] UI-Launcher launched from C:\Program Files\Autodesk\AdODIS\V1\Setup\ui-launcher
[2023-04-27T04:30:20.115Z] [22820] [info] Root path: C:\Program Files\Autodesk\AdODIS\V1\Setup
[2023-04-27T05:41:22.763Z] [584] [info] UI-Launcher version: 19.0.0
[2023-04-27T05:41:22.765Z] [584] [info] UI-Launcher launched from C:\Program Files\Autodesk\AdODIS\V1\Setup\ui-launcher
[2023-04-27T05:41:22.765Z] [584] [info] Root path: C:\Program Files\Autodesk\AdODIS\V1\Setup
[2023-04-28T13:09:32.715Z] [32164] [info] UI-Launcher version: 19.0.0
[2023-04-28T13:09:32.716Z] [32164] [info] UI-Launcher launched from C:\Program Files\Autodesk\AdODIS\V1\Setup\ui-launcher
[2023-04-28T13:09:32.716Z] [32164] [info] Root path: C:\Program Files\Autodesk\AdODIS\V1\Setup
[2023-04-28T17:58:16.685Z] [30112] [info] UI-Launcher version: 19.0.0
[2023-04-28T17:58:16.686Z] [30112] [info] UI-Launcher launched from C:\Program Files\Autodesk\AdODIS\V1\Setup\ui-launcher
[2023-04-28T17:58:16.686Z] [30112] [info] Root path: C:\Program Files\Autodesk\AdODIS\V1\Setup
[2023-04-29T11:42:31.601Z] [30932] [info] UI-Launcher version: 19.0.0
[2023-04-29T11:42:31.601Z] [30932] [info] UI-Launcher launched from C:\Program Files\Autodesk\AdODIS\V1\Setup\ui-launcher
[2023-04-29T11:42:31.602Z] [30932] [info] Root path: C:\Program Files\Autodesk\AdODIS\V1\Setup
[2023-04-30T07:33:19.738Z] [23828] [info] UI-Launcher version: 19.0.0
[2023-04-30T07:33:19.740Z] [23828] [info] UI-Launcher launched from C:\Program Files\Autodesk\AdODIS\V1\Setup\ui-launcher
[2023-04-30T07:33:19.741Z] [23828] [info] Root path: C:\Program Files\Autodesk\AdODIS\V1\Setup
[2023-04-30T07:37:42.203Z] [18388] [info] UI-Launcher version: 19.0.0
[2023-04-30T07:37:42.204Z] [18388] [info] UI-Launcher launched from C:\Program Files\Autodesk\AdODIS\V1\Setup\ui-launcher
[2023-04-30T07:37:42.204Z] [18388] [info] Root path: C:\Program Files\Autodesk\AdODIS\V1\Setup
[2023-05-01T10:10:46.916Z] [19692] [info] UI-Launcher version: 19.0.0
[2023-05-01T10:10:46.917Z] [19692] [info] UI-Launcher launched from C:\Program Files\Autodesk\AdODIS\V1\Setup\ui-launcher
[2023-05-01T10:10:46.917Z] [19692] [info] Root path: C:\Program Files\Autodesk\AdODIS\V1\Setup
[2023-05-02T02:00:11.757Z] [17380] [info] UI-Launcher version: 19.0.0
[2023-05-02T02:00:11.759Z] [17380] [info] UI-Launcher launched from C:\Program Files\Autodesk\AdODIS\V1\Setup\ui-launcher
[2023-05-02T02:00:11.759Z] [17380] [info] Root path: C:\Program Files\Autodesk\AdODIS\V1\Setup
[2023-05-02T10:08:01.328Z] [22352] [info] UI-Launcher version: 19.0.0
[2023-05-02T10:08:01.329Z] [22352] [info] UI-Launcher launched from C:\Program Files\Autodesk\AdODIS\V1\Setup\ui-launcher
[2023-05-02T10:08:01.329Z] [22352] [info] Root path: C:\Program Files\Autodesk\AdODIS\V1\Setup
[2023-05-04T03:26:41.758Z] [24276] [info] UI-Launcher version: 19.0.0
[2023-05-04T03:26:41.760Z] [24276] [info] UI-Launcher launched from C:\Program Files\Autodesk\AdODIS\V1\Setup\ui-launcher
[2023-05-04T03:26:41.760Z] [24276] [info] Root path: C:\Program Files\Autodesk\AdODIS\V1\Setup
[2023-05-04T09:28:25.570Z] [18664] [info] UI-Launcher version: 19.0.0
[2023-05-04T09:28:25.571Z] [18664] [info] UI-Launcher launched from C:\Program Files\Autodesk\AdODIS\V1\Setup\ui-launcher
[2023-05-04T09:28:25.571Z] [18664] [info] Root path: C:\Program Files\Autodesk\AdODIS\V1\Setup
[2023-05-04T14:28:05.189Z] [11704] [info] UI-Launcher version: 19.0.0
[2023-05-04T14:28:05.189Z] [11704] [info] UI-Launcher launched from C:\Program Files\Autodesk\AdODIS\V1\Setup\ui-launcher
[2023-05-04T14:28:05.189Z] [11704] [info] Root path: C:\Program Files\Autodesk\AdODIS\V1\Setup
[2023-05-05T03:51:33.262Z] [1248] [info] UI-Launcher version: 19.0.0
[2023-05-05T03:51:33.263Z] [1248] [info] UI-Launcher launched from C:\Program Files\Autodesk\AdODIS\V1\Setup\ui-launcher
[2023-05-05T03:51:33.263Z] [1248] [info] Root path: C:\Program Files\Autodesk\AdODIS\V1\Setup
[2023-05-05T05:45:21.646Z] [26376] [info] UI-Launcher version: 19.0.0
[2023-05-05T05:45:21.648Z] [26376] [info] UI-Launcher launched from C:\Program Files\Autodesk\AdODIS\V1\Setup\ui-launcher
[2023-05-05T05:45:21.648Z] [26376] [info] Root path: C:\Program Files\Autodesk\AdODIS\V1\Setup
[2023-05-06T07:38:28.684Z] [11140] [info] UI-Launcher version: 19.0.0
[2023-05-06T07:38:28.685Z] [11140] [info] UI-Launcher launched from C:\Program Files\Autodesk\AdODIS\V1\Setup\ui-launcher
[2023-05-06T07:38:28.685Z] [11140] [info] Root path: C:\Program Files\Autodesk\AdODIS\V1\Setup
[2023-05-06T07:57:30.424Z] [2548] [info] UI-Launcher version: 19.0.0
[2023-05-06T07:57:30.425Z] [2548] [info] UI-Launcher launched from C:\Program Files\Autodesk\AdODIS\V1\Setup\ui-launcher
[2023-05-06T07:57:30.425Z] [2548] [info] Root path: C:\Program Files\Autodesk\AdODIS\V1\Setup
[2023-05-06T14:33:32.290Z] [10932] [info] UI-Launcher version: 19.0.0
[2023-05-06T14:33:32.291Z] [10932] [info] UI-Launcher launched from C:\Program Files\Autodesk\AdODIS\V1\Setup\ui-launcher
[2023-05-06T14:33:32.291Z] [10932] [info] Root path: C:\Program Files\Autodesk\AdODIS\V1\Setup
[2023-05-07T01:32:10.400Z] [16572] [info] UI-Launcher version: 19.0.0
[2023-05-07T01:32:10.401Z] [16572] [info] UI-Launcher launched from C:\Program Files\Autodesk\AdODIS\V1\Setup\ui-launcher
[2023-05-07T01:32:10.401Z] [16572] [info] Root path: C:\Program Files\Autodesk\AdODIS\V1\Setup
[2023-05-14T04:06:48.257Z] [13336] [info] UI-Launcher version: 19.0.0
[2023-05-14T04:06:48.258Z] [13336] [info] UI-Launcher launched from C:\Program Files\Autodesk\AdODIS\V1\Setup\ui-launcher
[2023-05-14T04:06:48.258Z] [13336] [info] Root path: C:\Program Files\Autodesk\AdODIS\V1\Setup
[2023-05-14T14:53:36.386Z] [19796] [info] UI-Launcher version: 19.0.0
[2023-05-14T14:53:36.387Z] [19796] [info] UI-Launcher launched from C:\Program Files\Autodesk\AdODIS\V1\Setup\ui-launcher
[2023-05-14T14:53:36.387Z] [19796] [info] Root path: C:\Program Files\Autodesk\AdODIS\V1\Setup
[2023-05-14T16:57:08.670Z] [11724] [info] UI-Launcher version: 19.0.0
[2023-05-14T16:57:08.671Z] [11724] [info] UI-Launcher launched from C:\Program Files\Autodesk\AdODIS\V1\Setup\ui-launcher
[2023-05-14T16:57:08.672Z] [11724] [info] Root path: C:\Program Files\Autodesk\AdODIS\V1\Setup
[2023-05-15T02:37:17.216Z] [2556] [info] UI-Launcher version: 19.0.0
[2023-05-15T02:37:17.216Z] [2556] [info] UI-Launcher launched from C:\Program Files\Autodesk\AdODIS\V1\Setup\ui-launcher
[2023-05-15T02:37:17.217Z] [2556] [info] Root path: C:\Program Files\Autodesk\AdODIS\V1\Setup
[2023-05-15T09:10:17.714Z] [2160] [info] UI-Launcher version: 19.0.0
[2023-05-15T09:10:17.714Z] [2160] [info] UI-Launcher launched from C:\Program Files\Autodesk\AdODIS\V1\Setup\ui-launcher
[2023-05-15T09:10:17.714Z] [2160] [info] Root path: C:\Program Files\Autodesk\AdODIS\V1\Setup
